<?xml version="1.0" encoding="UTF-8"?>
<testng-results ignored="0" total="1" passed="1" failed="0" skipped="0">
  <reporter-output>
  </reporter-output>
  <suite started-at="2026-03-15T18:13:10 IST" name="Default suite" finished-at="2026-03-15T18:13:10 IST" duration-ms="55">
    <groups>
    </groups>
    <test started-at="2026-03-15T18:13:10 IST" name="Default test" finished-at="2026-03-15T18:13:10 IST" duration-ms="55">
      <class name="testNGbasic">
        <test-method signature="Demo()[pri:0, instance:testNGbasic@692f203f]" started-at="2026-03-15T18:13:10 IST" name="Demo" finished-at="2026-03-15T18:13:10 IST" duration-ms="12" status="PASS">
          <reporter-output>
          </reporter-output>
        </test-method> <!-- Demo -->
      </class> <!-- testNGbasic -->
    </test> <!-- Default test -->
  </suite> <!-- Default suite -->
</testng-results>
